<?xml version="1.0" encoding="UTF-8"?>
<!-- Generated by org.testng.reporters.JUnitReportReporter -->
<testsuite ignored="0" hostname="DESKTOP-6V9FVII" failures="0" tests="1" name="PruebaTestNG.NewTest" time="3.101" errors="0" timestamp="05 oct. 2023 01:38:23 GMT" skipped="0">
  <testcase classname="PruebaTestNG.NewTest" name="f" time="3.101"/>
</testsuite> <!-- PruebaTestNG.NewTest -->
